ERROR - 2025-02-23 07:27:34 --> mysqli_sql_exception: Unknown column 'father_name' in 'field list' in C:\xampp\htdocs\student_admission_portal\vendor\codeigniter4\framework\system\Database\MySQLi\Connection.php:327
Stack trace:
#0 C:\xampp\htdocs\student_admission_portal\vendor\codeigniter4\framework\system\Database\MySQLi\Connection.php(327): mysqli->query('INSERT INTO `st...', 0)
#1 C:\xampp\htdocs\student_admission_portal\vendor\codeigniter4\framework\system\Database\BaseConnection.php(738): CodeIgniter\Database\MySQLi\Connection->execute('INSERT INTO `st...')
#2 C:\xampp\htdocs\student_admission_portal\vendor\codeigniter4\framework\system\Database\BaseConnection.php(652): CodeIgniter\Database\BaseConnection->simpleQuery('INSERT INTO `st...')
#3 C:\xampp\htdocs\student_admission_portal\vendor\codeigniter4\framework\system\Database\BaseBuilder.php(2345): CodeIgniter\Database\BaseConnection->query('INSERT INTO `st...', Array, false)
#4 C:\xampp\htdocs\student_admission_portal\vendor\codeigniter4\framework\system\Model.php(394): CodeIgniter\Database\BaseBuilder->insert()
#5 C:\xampp\htdocs\student_admission_portal\vendor\codeigniter4\framework\system\BaseModel.php(839): CodeIgniter\Model->doInsert(Array)
#6 C:\xampp\htdocs\student_admission_portal\vendor\codeigniter4\framework\system\Model.php(800): CodeIgniter\BaseModel->insert(Array, false)
#7 C:\xampp\htdocs\student_admission_portal\vendor\codeigniter4\framework\system\BaseModel.php(750): CodeIgniter\Model->insert(Array, false)
#8 C:\xampp\htdocs\student_admission_portal\app\Controllers\StudentController.php(37): CodeIgniter\BaseModel->save(Array)
#9 C:\xampp\htdocs\student_admission_portal\vendor\codeigniter4\framework\system\CodeIgniter.php(933): App\Controllers\StudentController->store()
#10 C:\xampp\htdocs\student_admission_portal\vendor\codeigniter4\framework\system\CodeIgniter.php(507): CodeIgniter\CodeIgniter->runController(Object(App\Controllers\StudentController))
#11 C:\xampp\htdocs\student_admission_portal\vendor\codeigniter4\framework\system\CodeIgniter.php(354): CodeIgniter\CodeIgniter->handleRequest(NULL, Object(Config\Cache), false)
#12 C:\xampp\htdocs\student_admission_portal\vendor\codeigniter4\framework\system\Boot.php(334): CodeIgniter\CodeIgniter->run()
#13 C:\xampp\htdocs\student_admission_portal\vendor\codeigniter4\framework\system\Boot.php(67): CodeIgniter\Boot::runCodeIgniter(Object(CodeIgniter\CodeIgniter))
#14 C:\xampp\htdocs\student_admission_portal\public\index.php(56): CodeIgniter\Boot::bootWeb(Object(Config\Paths))
#15 C:\xampp\htdocs\student_admission_portal\vendor\codeigniter4\framework\system\rewrite.php(44): require_once('C:\\xampp\\htdocs...')
#16 {main}
CRITICAL - 2025-02-23 07:27:34 --> CodeIgniter\Database\Exceptions\DatabaseException: Unknown column 'father_name' in 'field list'
[Method: POST, Route: submit-form]
in SYSTEMPATH\Database\BaseConnection.php on line 692.
 1 SYSTEMPATH\Database\BaseBuilder.php(2345): CodeIgniter\Database\BaseConnection->query('INSERT INTO `students` (`name`, `email`, `phone`, `father_name`, `mother_name`, `dob`, `image`, `document`) VALUES (:name:, :email:, :phone:, :father_name:, :mother_name:, :dob:, :image:, :document:)', [...], false)
 2 SYSTEMPATH\Model.php(394): CodeIgniter\Database\BaseBuilder->insert()
 3 SYSTEMPATH\BaseModel.php(839): CodeIgniter\Model->doInsert([...])
 4 SYSTEMPATH\Model.php(800): CodeIgniter\BaseModel->insert([...], false)
 5 SYSTEMPATH\BaseModel.php(750): CodeIgniter\Model->insert([...], false)
 6 APPPATH\Controllers\StudentController.php(37): CodeIgniter\BaseModel->save([...])
 7 SYSTEMPATH\CodeIgniter.php(933): App\Controllers\StudentController->store()
 8 SYSTEMPATH\CodeIgniter.php(507): CodeIgniter\CodeIgniter->runController(Object(App\Controllers\StudentController))
 9 SYSTEMPATH\CodeIgniter.php(354): CodeIgniter\CodeIgniter->handleRequest(null, Object(Config\Cache), false)
10 SYSTEMPATH\Boot.php(334): CodeIgniter\CodeIgniter->run()
11 SYSTEMPATH\Boot.php(67): CodeIgniter\Boot::runCodeIgniter(Object(CodeIgniter\CodeIgniter))
12 FCPATH\index.php(56): CodeIgniter\Boot::bootWeb(Object(Config\Paths))
13 SYSTEMPATH\rewrite.php(44): require_once('C:\\xampp\\htdocs\\student_admission_portal\\public\\index.php')
CRITICAL - 2025-02-23 07:27:34 --> [Caused by] CodeIgniter\Database\Exceptions\DatabaseException: Unknown column 'father_name' in 'field list'
in SYSTEMPATH\Database\MySQLi\Connection.php on line 332.
 1 SYSTEMPATH\Database\BaseConnection.php(738): CodeIgniter\Database\MySQLi\Connection->execute('INSERT INTO `students` (`name`, `email`, `phone`, `father_name`, `mother_name`, `dob`, `image`, `document`) VALUES (\'Premlata Kumari\', \'premlata@gmail.com\', \'1111234566\', \'xyz\', \'abc\', \'2025-02-04\', \'1740295654_91988a7ce04f56fbc63b.jpg\', \'1740295654_a6abd550193c6f47df7d.pdf\')')
 2 SYSTEMPATH\Database\BaseConnection.php(652): CodeIgniter\Database\BaseConnection->simpleQuery('INSERT INTO `students` (`name`, `email`, `phone`, `father_name`, `mother_name`, `dob`, `image`, `document`) VALUES (\'Premlata Kumari\', \'premlata@gmail.com\', \'1111234566\', \'xyz\', \'abc\', \'2025-02-04\', \'1740295654_91988a7ce04f56fbc63b.jpg\', \'1740295654_a6abd550193c6f47df7d.pdf\')')
 3 SYSTEMPATH\Database\BaseBuilder.php(2345): CodeIgniter\Database\BaseConnection->query('INSERT INTO `students` (`name`, `email`, `phone`, `father_name`, `mother_name`, `dob`, `image`, `document`) VALUES (:name:, :email:, :phone:, :father_name:, :mother_name:, :dob:, :image:, :document:)', [...], false)
 4 SYSTEMPATH\Model.php(394): CodeIgniter\Database\BaseBuilder->insert()
 5 SYSTEMPATH\BaseModel.php(839): CodeIgniter\Model->doInsert([...])
 6 SYSTEMPATH\Model.php(800): CodeIgniter\BaseModel->insert([...], false)
 7 SYSTEMPATH\BaseModel.php(750): CodeIgniter\Model->insert([...], false)
 8 APPPATH\Controllers\StudentController.php(37): CodeIgniter\BaseModel->save([...])
 9 SYSTEMPATH\CodeIgniter.php(933): App\Controllers\StudentController->store()
10 SYSTEMPATH\CodeIgniter.php(507): CodeIgniter\CodeIgniter->runController(Object(App\Controllers\StudentController))
11 SYSTEMPATH\CodeIgniter.php(354): CodeIgniter\CodeIgniter->handleRequest(null, Object(Config\Cache), false)
12 SYSTEMPATH\Boot.php(334): CodeIgniter\CodeIgniter->run()
13 SYSTEMPATH\Boot.php(67): CodeIgniter\Boot::runCodeIgniter(Object(CodeIgniter\CodeIgniter))
14 FCPATH\index.php(56): CodeIgniter\Boot::bootWeb(Object(Config\Paths))
15 SYSTEMPATH\rewrite.php(44): require_once('C:\\xampp\\htdocs\\student_admission_portal\\public\\index.php')
CRITICAL - 2025-02-23 07:27:34 --> [Caused by] mysqli_sql_exception: Unknown column 'father_name' in 'field list'
in SYSTEMPATH\Database\MySQLi\Connection.php on line 327.
 1 SYSTEMPATH\Database\MySQLi\Connection.php(327): mysqli->query('INSERT INTO `students` (`name`, `email`, `phone`, `father_name`, `mother_name`, `dob`, `image`, `document`) VALUES (\'Premlata Kumari\', \'premlata@gmail.com\', \'1111234566\', \'xyz\', \'abc\', \'2025-02-04\', \'1740295654_91988a7ce04f56fbc63b.jpg\', \'1740295654_a6abd550193c6f47df7d.pdf\')', 0)
 2 SYSTEMPATH\Database\BaseConnection.php(738): CodeIgniter\Database\MySQLi\Connection->execute('INSERT INTO `students` (`name`, `email`, `phone`, `father_name`, `mother_name`, `dob`, `image`, `document`) VALUES (\'Premlata Kumari\', \'premlata@gmail.com\', \'1111234566\', \'xyz\', \'abc\', \'2025-02-04\', \'1740295654_91988a7ce04f56fbc63b.jpg\', \'1740295654_a6abd550193c6f47df7d.pdf\')')
 3 SYSTEMPATH\Database\BaseConnection.php(652): CodeIgniter\Database\BaseConnection->simpleQuery('INSERT INTO `students` (`name`, `email`, `phone`, `father_name`, `mother_name`, `dob`, `image`, `document`) VALUES (\'Premlata Kumari\', \'premlata@gmail.com\', \'1111234566\', \'xyz\', \'abc\', \'2025-02-04\', \'1740295654_91988a7ce04f56fbc63b.jpg\', \'1740295654_a6abd550193c6f47df7d.pdf\')')
 4 SYSTEMPATH\Database\BaseBuilder.php(2345): CodeIgniter\Database\BaseConnection->query('INSERT INTO `students` (`name`, `email`, `phone`, `father_name`, `mother_name`, `dob`, `image`, `document`) VALUES (:name:, :email:, :phone:, :father_name:, :mother_name:, :dob:, :image:, :document:)', [...], false)
 5 SYSTEMPATH\Model.php(394): CodeIgniter\Database\BaseBuilder->insert()
 6 SYSTEMPATH\BaseModel.php(839): CodeIgniter\Model->doInsert([...])
 7 SYSTEMPATH\Model.php(800): CodeIgniter\BaseModel->insert([...], false)
 8 SYSTEMPATH\BaseModel.php(750): CodeIgniter\Model->insert([...], false)
 9 APPPATH\Controllers\StudentController.php(37): CodeIgniter\BaseModel->save([...])
10 SYSTEMPATH\CodeIgniter.php(933): App\Controllers\StudentController->store()
11 SYSTEMPATH\CodeIgniter.php(507): CodeIgniter\CodeIgniter->runController(Object(App\Controllers\StudentController))
12 SYSTEMPATH\CodeIgniter.php(354): CodeIgniter\CodeIgniter->handleRequest(null, Object(Config\Cache), false)
13 SYSTEMPATH\Boot.php(334): CodeIgniter\CodeIgniter->run()
14 SYSTEMPATH\Boot.php(67): CodeIgniter\Boot::runCodeIgniter(Object(CodeIgniter\CodeIgniter))
15 FCPATH\index.php(56): CodeIgniter\Boot::bootWeb(Object(Config\Paths))
16 SYSTEMPATH\rewrite.php(44): require_once('C:\\xampp\\htdocs\\student_admission_portal\\public\\index.php')
ERROR - 2025-02-23 09:15:48 --> mysqli_sql_exception: Unknown column 'father_name' in 'field list' in C:\xampp\htdocs\student_admission_portal\vendor\codeigniter4\framework\system\Database\MySQLi\Connection.php:327
Stack trace:
#0 C:\xampp\htdocs\student_admission_portal\vendor\codeigniter4\framework\system\Database\MySQLi\Connection.php(327): mysqli->query('INSERT INTO `st...', 0)
#1 C:\xampp\htdocs\student_admission_portal\vendor\codeigniter4\framework\system\Database\BaseConnection.php(738): CodeIgniter\Database\MySQLi\Connection->execute('INSERT INTO `st...')
#2 C:\xampp\htdocs\student_admission_portal\vendor\codeigniter4\framework\system\Database\BaseConnection.php(652): CodeIgniter\Database\BaseConnection->simpleQuery('INSERT INTO `st...')
#3 C:\xampp\htdocs\student_admission_portal\vendor\codeigniter4\framework\system\Database\BaseBuilder.php(2345): CodeIgniter\Database\BaseConnection->query('INSERT INTO `st...', Array, false)
#4 C:\xampp\htdocs\student_admission_portal\vendor\codeigniter4\framework\system\Model.php(394): CodeIgniter\Database\BaseBuilder->insert()
#5 C:\xampp\htdocs\student_admission_portal\vendor\codeigniter4\framework\system\BaseModel.php(839): CodeIgniter\Model->doInsert(Array)
#6 C:\xampp\htdocs\student_admission_portal\vendor\codeigniter4\framework\system\Model.php(800): CodeIgniter\BaseModel->insert(Array, false)
#7 C:\xampp\htdocs\student_admission_portal\vendor\codeigniter4\framework\system\BaseModel.php(750): CodeIgniter\Model->insert(Array, false)
#8 C:\xampp\htdocs\student_admission_portal\app\Controllers\StudentController.php(37): CodeIgniter\BaseModel->save(Array)
#9 C:\xampp\htdocs\student_admission_portal\vendor\codeigniter4\framework\system\CodeIgniter.php(933): App\Controllers\StudentController->store()
#10 C:\xampp\htdocs\student_admission_portal\vendor\codeigniter4\framework\system\CodeIgniter.php(507): CodeIgniter\CodeIgniter->runController(Object(App\Controllers\StudentController))
#11 C:\xampp\htdocs\student_admission_portal\vendor\codeigniter4\framework\system\CodeIgniter.php(354): CodeIgniter\CodeIgniter->handleRequest(NULL, Object(Config\Cache), false)
#12 C:\xampp\htdocs\student_admission_portal\vendor\codeigniter4\framework\system\Boot.php(334): CodeIgniter\CodeIgniter->run()
#13 C:\xampp\htdocs\student_admission_portal\vendor\codeigniter4\framework\system\Boot.php(67): CodeIgniter\Boot::runCodeIgniter(Object(CodeIgniter\CodeIgniter))
#14 C:\xampp\htdocs\student_admission_portal\public\index.php(56): CodeIgniter\Boot::bootWeb(Object(Config\Paths))
#15 C:\xampp\htdocs\student_admission_portal\vendor\codeigniter4\framework\system\rewrite.php(44): require_once('C:\\xampp\\htdocs...')
#16 {main}
CRITICAL - 2025-02-23 09:15:48 --> CodeIgniter\Database\Exceptions\DatabaseException: Unknown column 'father_name' in 'field list'
[Method: POST, Route: submit-form]
in SYSTEMPATH\Database\BaseConnection.php on line 692.
 1 SYSTEMPATH\Database\BaseBuilder.php(2345): CodeIgniter\Database\BaseConnection->query('INSERT INTO `students` (`name`, `email`, `phone`, `father_name`, `mother_name`, `dob`, `image`, `document`) VALUES (:name:, :email:, :phone:, :father_name:, :mother_name:, :dob:, :image:, :document:)', [...], false)
 2 SYSTEMPATH\Model.php(394): CodeIgniter\Database\BaseBuilder->insert()
 3 SYSTEMPATH\BaseModel.php(839): CodeIgniter\Model->doInsert([...])
 4 SYSTEMPATH\Model.php(800): CodeIgniter\BaseModel->insert([...], false)
 5 SYSTEMPATH\BaseModel.php(750): CodeIgniter\Model->insert([...], false)
 6 APPPATH\Controllers\StudentController.php(37): CodeIgniter\BaseModel->save([...])
 7 SYSTEMPATH\CodeIgniter.php(933): App\Controllers\StudentController->store()
 8 SYSTEMPATH\CodeIgniter.php(507): CodeIgniter\CodeIgniter->runController(Object(App\Controllers\StudentController))
 9 SYSTEMPATH\CodeIgniter.php(354): CodeIgniter\CodeIgniter->handleRequest(null, Object(Config\Cache), false)
10 SYSTEMPATH\Boot.php(334): CodeIgniter\CodeIgniter->run()
11 SYSTEMPATH\Boot.php(67): CodeIgniter\Boot::runCodeIgniter(Object(CodeIgniter\CodeIgniter))
12 FCPATH\index.php(56): CodeIgniter\Boot::bootWeb(Object(Config\Paths))
13 SYSTEMPATH\rewrite.php(44): require_once('C:\\xampp\\htdocs\\student_admission_portal\\public\\index.php')
CRITICAL - 2025-02-23 09:15:48 --> [Caused by] CodeIgniter\Database\Exceptions\DatabaseException: Unknown column 'father_name' in 'field list'
in SYSTEMPATH\Database\MySQLi\Connection.php on line 332.
 1 SYSTEMPATH\Database\BaseConnection.php(738): CodeIgniter\Database\MySQLi\Connection->execute('INSERT INTO `students` (`name`, `email`, `phone`, `father_name`, `mother_name`, `dob`, `image`, `document`) VALUES (\'Premlata Kumari\', \'premlata@gmail.com\', \'1111234566\', \'xyz\', \'abc\', \'2025-02-04\', \'1740302148_c22ab098318037cd164d.jpg\', \'1740302148_e85fd3ccbe470fd0093e.pdf\')')
 2 SYSTEMPATH\Database\BaseConnection.php(652): CodeIgniter\Database\BaseConnection->simpleQuery('INSERT INTO `students` (`name`, `email`, `phone`, `father_name`, `mother_name`, `dob`, `image`, `document`) VALUES (\'Premlata Kumari\', \'premlata@gmail.com\', \'1111234566\', \'xyz\', \'abc\', \'2025-02-04\', \'1740302148_c22ab098318037cd164d.jpg\', \'1740302148_e85fd3ccbe470fd0093e.pdf\')')
 3 SYSTEMPATH\Database\BaseBuilder.php(2345): CodeIgniter\Database\BaseConnection->query('INSERT INTO `students` (`name`, `email`, `phone`, `father_name`, `mother_name`, `dob`, `image`, `document`) VALUES (:name:, :email:, :phone:, :father_name:, :mother_name:, :dob:, :image:, :document:)', [...], false)
 4 SYSTEMPATH\Model.php(394): CodeIgniter\Database\BaseBuilder->insert()
 5 SYSTEMPATH\BaseModel.php(839): CodeIgniter\Model->doInsert([...])
 6 SYSTEMPATH\Model.php(800): CodeIgniter\BaseModel->insert([...], false)
 7 SYSTEMPATH\BaseModel.php(750): CodeIgniter\Model->insert([...], false)
 8 APPPATH\Controllers\StudentController.php(37): CodeIgniter\BaseModel->save([...])
 9 SYSTEMPATH\CodeIgniter.php(933): App\Controllers\StudentController->store()
10 SYSTEMPATH\CodeIgniter.php(507): CodeIgniter\CodeIgniter->runController(Object(App\Controllers\StudentController))
11 SYSTEMPATH\CodeIgniter.php(354): CodeIgniter\CodeIgniter->handleRequest(null, Object(Config\Cache), false)
12 SYSTEMPATH\Boot.php(334): CodeIgniter\CodeIgniter->run()
13 SYSTEMPATH\Boot.php(67): CodeIgniter\Boot::runCodeIgniter(Object(CodeIgniter\CodeIgniter))
14 FCPATH\index.php(56): CodeIgniter\Boot::bootWeb(Object(Config\Paths))
15 SYSTEMPATH\rewrite.php(44): require_once('C:\\xampp\\htdocs\\student_admission_portal\\public\\index.php')
CRITICAL - 2025-02-23 09:15:48 --> [Caused by] mysqli_sql_exception: Unknown column 'father_name' in 'field list'
in SYSTEMPATH\Database\MySQLi\Connection.php on line 327.
 1 SYSTEMPATH\Database\MySQLi\Connection.php(327): mysqli->query('INSERT INTO `students` (`name`, `email`, `phone`, `father_name`, `mother_name`, `dob`, `image`, `document`) VALUES (\'Premlata Kumari\', \'premlata@gmail.com\', \'1111234566\', \'xyz\', \'abc\', \'2025-02-04\', \'1740302148_c22ab098318037cd164d.jpg\', \'1740302148_e85fd3ccbe470fd0093e.pdf\')', 0)
 2 SYSTEMPATH\Database\BaseConnection.php(738): CodeIgniter\Database\MySQLi\Connection->execute('INSERT INTO `students` (`name`, `email`, `phone`, `father_name`, `mother_name`, `dob`, `image`, `document`) VALUES (\'Premlata Kumari\', \'premlata@gmail.com\', \'1111234566\', \'xyz\', \'abc\', \'2025-02-04\', \'1740302148_c22ab098318037cd164d.jpg\', \'1740302148_e85fd3ccbe470fd0093e.pdf\')')
 3 SYSTEMPATH\Database\BaseConnection.php(652): CodeIgniter\Database\BaseConnection->simpleQuery('INSERT INTO `students` (`name`, `email`, `phone`, `father_name`, `mother_name`, `dob`, `image`, `document`) VALUES (\'Premlata Kumari\', \'premlata@gmail.com\', \'1111234566\', \'xyz\', \'abc\', \'2025-02-04\', \'1740302148_c22ab098318037cd164d.jpg\', \'1740302148_e85fd3ccbe470fd0093e.pdf\')')
 4 SYSTEMPATH\Database\BaseBuilder.php(2345): CodeIgniter\Database\BaseConnection->query('INSERT INTO `students` (`name`, `email`, `phone`, `father_name`, `mother_name`, `dob`, `image`, `document`) VALUES (:name:, :email:, :phone:, :father_name:, :mother_name:, :dob:, :image:, :document:)', [...], false)
 5 SYSTEMPATH\Model.php(394): CodeIgniter\Database\BaseBuilder->insert()
 6 SYSTEMPATH\BaseModel.php(839): CodeIgniter\Model->doInsert([...])
 7 SYSTEMPATH\Model.php(800): CodeIgniter\BaseModel->insert([...], false)
 8 SYSTEMPATH\BaseModel.php(750): CodeIgniter\Model->insert([...], false)
 9 APPPATH\Controllers\StudentController.php(37): CodeIgniter\BaseModel->save([...])
10 SYSTEMPATH\CodeIgniter.php(933): App\Controllers\StudentController->store()
11 SYSTEMPATH\CodeIgniter.php(507): CodeIgniter\CodeIgniter->runController(Object(App\Controllers\StudentController))
12 SYSTEMPATH\CodeIgniter.php(354): CodeIgniter\CodeIgniter->handleRequest(null, Object(Config\Cache), false)
13 SYSTEMPATH\Boot.php(334): CodeIgniter\CodeIgniter->run()
14 SYSTEMPATH\Boot.php(67): CodeIgniter\Boot::runCodeIgniter(Object(CodeIgniter\CodeIgniter))
15 FCPATH\index.php(56): CodeIgniter\Boot::bootWeb(Object(Config\Paths))
16 SYSTEMPATH\rewrite.php(44): require_once('C:\\xampp\\htdocs\\student_admission_portal\\public\\index.php')
ERROR - 2025-02-23 12:19:17 --> mysqli_sql_exception: Unknown column 'father_name' in 'field list' in C:\xampp\htdocs\student_admission_portal\vendor\codeigniter4\framework\system\Database\MySQLi\Connection.php:327
Stack trace:
#0 C:\xampp\htdocs\student_admission_portal\vendor\codeigniter4\framework\system\Database\MySQLi\Connection.php(327): mysqli->query('INSERT INTO `st...', 0)
#1 C:\xampp\htdocs\student_admission_portal\vendor\codeigniter4\framework\system\Database\BaseConnection.php(738): CodeIgniter\Database\MySQLi\Connection->execute('INSERT INTO `st...')
#2 C:\xampp\htdocs\student_admission_portal\vendor\codeigniter4\framework\system\Database\BaseConnection.php(652): CodeIgniter\Database\BaseConnection->simpleQuery('INSERT INTO `st...')
#3 C:\xampp\htdocs\student_admission_portal\vendor\codeigniter4\framework\system\Database\BaseBuilder.php(2345): CodeIgniter\Database\BaseConnection->query('INSERT INTO `st...', Array, false)
#4 C:\xampp\htdocs\student_admission_portal\vendor\codeigniter4\framework\system\Model.php(394): CodeIgniter\Database\BaseBuilder->insert()
#5 C:\xampp\htdocs\student_admission_portal\vendor\codeigniter4\framework\system\BaseModel.php(839): CodeIgniter\Model->doInsert(Array)
#6 C:\xampp\htdocs\student_admission_portal\vendor\codeigniter4\framework\system\Model.php(800): CodeIgniter\BaseModel->insert(Array, false)
#7 C:\xampp\htdocs\student_admission_portal\vendor\codeigniter4\framework\system\BaseModel.php(750): CodeIgniter\Model->insert(Array, false)
#8 C:\xampp\htdocs\student_admission_portal\app\Controllers\StudentController.php(37): CodeIgniter\BaseModel->save(Array)
#9 C:\xampp\htdocs\student_admission_portal\vendor\codeigniter4\framework\system\CodeIgniter.php(933): App\Controllers\StudentController->store()
#10 C:\xampp\htdocs\student_admission_portal\vendor\codeigniter4\framework\system\CodeIgniter.php(507): CodeIgniter\CodeIgniter->runController(Object(App\Controllers\StudentController))
#11 C:\xampp\htdocs\student_admission_portal\vendor\codeigniter4\framework\system\CodeIgniter.php(354): CodeIgniter\CodeIgniter->handleRequest(NULL, Object(Config\Cache), false)
#12 C:\xampp\htdocs\student_admission_portal\vendor\codeigniter4\framework\system\Boot.php(334): CodeIgniter\CodeIgniter->run()
#13 C:\xampp\htdocs\student_admission_portal\vendor\codeigniter4\framework\system\Boot.php(67): CodeIgniter\Boot::runCodeIgniter(Object(CodeIgniter\CodeIgniter))
#14 C:\xampp\htdocs\student_admission_portal\public\index.php(56): CodeIgniter\Boot::bootWeb(Object(Config\Paths))
#15 C:\xampp\htdocs\student_admission_portal\vendor\codeigniter4\framework\system\rewrite.php(44): require_once('C:\\xampp\\htdocs...')
#16 {main}
CRITICAL - 2025-02-23 12:19:17 --> CodeIgniter\Database\Exceptions\DatabaseException: Unknown column 'father_name' in 'field list'
[Method: POST, Route: submit-form]
in SYSTEMPATH\Database\BaseConnection.php on line 692.
 1 SYSTEMPATH\Database\BaseBuilder.php(2345): CodeIgniter\Database\BaseConnection->query('INSERT INTO `students` (`name`, `email`, `phone`, `father_name`, `mother_name`, `dob`, `image`, `document`) VALUES (:name:, :email:, :phone:, :father_name:, :mother_name:, :dob:, :image:, :document:)', [...], false)
 2 SYSTEMPATH\Model.php(394): CodeIgniter\Database\BaseBuilder->insert()
 3 SYSTEMPATH\BaseModel.php(839): CodeIgniter\Model->doInsert([...])
 4 SYSTEMPATH\Model.php(800): CodeIgniter\BaseModel->insert([...], false)
 5 SYSTEMPATH\BaseModel.php(750): CodeIgniter\Model->insert([...], false)
 6 APPPATH\Controllers\StudentController.php(37): CodeIgniter\BaseModel->save([...])
 7 SYSTEMPATH\CodeIgniter.php(933): App\Controllers\StudentController->store()
 8 SYSTEMPATH\CodeIgniter.php(507): CodeIgniter\CodeIgniter->runController(Object(App\Controllers\StudentController))
 9 SYSTEMPATH\CodeIgniter.php(354): CodeIgniter\CodeIgniter->handleRequest(null, Object(Config\Cache), false)
10 SYSTEMPATH\Boot.php(334): CodeIgniter\CodeIgniter->run()
11 SYSTEMPATH\Boot.php(67): CodeIgniter\Boot::runCodeIgniter(Object(CodeIgniter\CodeIgniter))
12 FCPATH\index.php(56): CodeIgniter\Boot::bootWeb(Object(Config\Paths))
13 SYSTEMPATH\rewrite.php(44): require_once('C:\\xampp\\htdocs\\student_admission_portal\\public\\index.php')
CRITICAL - 2025-02-23 12:19:17 --> [Caused by] CodeIgniter\Database\Exceptions\DatabaseException: Unknown column 'father_name' in 'field list'
in SYSTEMPATH\Database\MySQLi\Connection.php on line 332.
 1 SYSTEMPATH\Database\BaseConnection.php(738): CodeIgniter\Database\MySQLi\Connection->execute('INSERT INTO `students` (`name`, `email`, `phone`, `father_name`, `mother_name`, `dob`, `image`, `document`) VALUES (\'Premlata Kumari\', \'somee@gmail.com\', \'1111234566\', \'xyz\', \'abc\', \'2025-02-05\', \'1740313157_966809dd68d5b3836596.jpg\', \'1740313157_dc232d1ea5c554b429d1.pdf\')')
 2 SYSTEMPATH\Database\BaseConnection.php(652): CodeIgniter\Database\BaseConnection->simpleQuery('INSERT INTO `students` (`name`, `email`, `phone`, `father_name`, `mother_name`, `dob`, `image`, `document`) VALUES (\'Premlata Kumari\', \'somee@gmail.com\', \'1111234566\', \'xyz\', \'abc\', \'2025-02-05\', \'1740313157_966809dd68d5b3836596.jpg\', \'1740313157_dc232d1ea5c554b429d1.pdf\')')
 3 SYSTEMPATH\Database\BaseBuilder.php(2345): CodeIgniter\Database\BaseConnection->query('INSERT INTO `students` (`name`, `email`, `phone`, `father_name`, `mother_name`, `dob`, `image`, `document`) VALUES (:name:, :email:, :phone:, :father_name:, :mother_name:, :dob:, :image:, :document:)', [...], false)
 4 SYSTEMPATH\Model.php(394): CodeIgniter\Database\BaseBuilder->insert()
 5 SYSTEMPATH\BaseModel.php(839): CodeIgniter\Model->doInsert([...])
 6 SYSTEMPATH\Model.php(800): CodeIgniter\BaseModel->insert([...], false)
 7 SYSTEMPATH\BaseModel.php(750): CodeIgniter\Model->insert([...], false)
 8 APPPATH\Controllers\StudentController.php(37): CodeIgniter\BaseModel->save([...])
 9 SYSTEMPATH\CodeIgniter.php(933): App\Controllers\StudentController->store()
10 SYSTEMPATH\CodeIgniter.php(507): CodeIgniter\CodeIgniter->runController(Object(App\Controllers\StudentController))
11 SYSTEMPATH\CodeIgniter.php(354): CodeIgniter\CodeIgniter->handleRequest(null, Object(Config\Cache), false)
12 SYSTEMPATH\Boot.php(334): CodeIgniter\CodeIgniter->run()
13 SYSTEMPATH\Boot.php(67): CodeIgniter\Boot::runCodeIgniter(Object(CodeIgniter\CodeIgniter))
14 FCPATH\index.php(56): CodeIgniter\Boot::bootWeb(Object(Config\Paths))
15 SYSTEMPATH\rewrite.php(44): require_once('C:\\xampp\\htdocs\\student_admission_portal\\public\\index.php')
CRITICAL - 2025-02-23 12:19:17 --> [Caused by] mysqli_sql_exception: Unknown column 'father_name' in 'field list'
in SYSTEMPATH\Database\MySQLi\Connection.php on line 327.
 1 SYSTEMPATH\Database\MySQLi\Connection.php(327): mysqli->query('INSERT INTO `students` (`name`, `email`, `phone`, `father_name`, `mother_name`, `dob`, `image`, `document`) VALUES (\'Premlata Kumari\', \'somee@gmail.com\', \'1111234566\', \'xyz\', \'abc\', \'2025-02-05\', \'1740313157_966809dd68d5b3836596.jpg\', \'1740313157_dc232d1ea5c554b429d1.pdf\')', 0)
 2 SYSTEMPATH\Database\BaseConnection.php(738): CodeIgniter\Database\MySQLi\Connection->execute('INSERT INTO `students` (`name`, `email`, `phone`, `father_name`, `mother_name`, `dob`, `image`, `document`) VALUES (\'Premlata Kumari\', \'somee@gmail.com\', \'1111234566\', \'xyz\', \'abc\', \'2025-02-05\', \'1740313157_966809dd68d5b3836596.jpg\', \'1740313157_dc232d1ea5c554b429d1.pdf\')')
 3 SYSTEMPATH\Database\BaseConnection.php(652): CodeIgniter\Database\BaseConnection->simpleQuery('INSERT INTO `students` (`name`, `email`, `phone`, `father_name`, `mother_name`, `dob`, `image`, `document`) VALUES (\'Premlata Kumari\', \'somee@gmail.com\', \'1111234566\', \'xyz\', \'abc\', \'2025-02-05\', \'1740313157_966809dd68d5b3836596.jpg\', \'1740313157_dc232d1ea5c554b429d1.pdf\')')
 4 SYSTEMPATH\Database\BaseBuilder.php(2345): CodeIgniter\Database\BaseConnection->query('INSERT INTO `students` (`name`, `email`, `phone`, `father_name`, `mother_name`, `dob`, `image`, `document`) VALUES (:name:, :email:, :phone:, :father_name:, :mother_name:, :dob:, :image:, :document:)', [...], false)
 5 SYSTEMPATH\Model.php(394): CodeIgniter\Database\BaseBuilder->insert()
 6 SYSTEMPATH\BaseModel.php(839): CodeIgniter\Model->doInsert([...])
 7 SYSTEMPATH\Model.php(800): CodeIgniter\BaseModel->insert([...], false)
 8 SYSTEMPATH\BaseModel.php(750): CodeIgniter\Model->insert([...], false)
 9 APPPATH\Controllers\StudentController.php(37): CodeIgniter\BaseModel->save([...])
10 SYSTEMPATH\CodeIgniter.php(933): App\Controllers\StudentController->store()
11 SYSTEMPATH\CodeIgniter.php(507): CodeIgniter\CodeIgniter->runController(Object(App\Controllers\StudentController))
12 SYSTEMPATH\CodeIgniter.php(354): CodeIgniter\CodeIgniter->handleRequest(null, Object(Config\Cache), false)
13 SYSTEMPATH\Boot.php(334): CodeIgniter\CodeIgniter->run()
14 SYSTEMPATH\Boot.php(67): CodeIgniter\Boot::runCodeIgniter(Object(CodeIgniter\CodeIgniter))
15 FCPATH\index.php(56): CodeIgniter\Boot::bootWeb(Object(Config\Paths))
16 SYSTEMPATH\rewrite.php(44): require_once('C:\\xampp\\htdocs\\student_admission_portal\\public\\index.php')
CRITICAL - 2025-02-23 12:39:16 --> Error: Call to a member function isValid() on null
[Method: POST, Route: submit-form]
in APPPATH\Controllers\StudentController.php on line 23.
 1 SYSTEMPATH\CodeIgniter.php(933): App\Controllers\StudentController->store()
 2 SYSTEMPATH\CodeIgniter.php(507): CodeIgniter\CodeIgniter->runController(Object(App\Controllers\StudentController))
 3 SYSTEMPATH\CodeIgniter.php(354): CodeIgniter\CodeIgniter->handleRequest(null, Object(Config\Cache), false)
 4 SYSTEMPATH\Boot.php(334): CodeIgniter\CodeIgniter->run()
 5 SYSTEMPATH\Boot.php(67): CodeIgniter\Boot::runCodeIgniter(Object(CodeIgniter\CodeIgniter))
 6 FCPATH\index.php(56): CodeIgniter\Boot::bootWeb(Object(Config\Paths))
 7 SYSTEMPATH\rewrite.php(44): require_once('C:\\xampp\\htdocs\\student_admission_portal\\public\\index.php')
ERROR - 2025-02-23 14:03:31 --> mysqli_sql_exception: Unknown column 'father_name' in 'field list' in C:\xampp\htdocs\student_admission_portal\vendor\codeigniter4\framework\system\Database\MySQLi\Connection.php:327
Stack trace:
#0 C:\xampp\htdocs\student_admission_portal\vendor\codeigniter4\framework\system\Database\MySQLi\Connection.php(327): mysqli->query('INSERT INTO `st...', 0)
#1 C:\xampp\htdocs\student_admission_portal\vendor\codeigniter4\framework\system\Database\BaseConnection.php(738): CodeIgniter\Database\MySQLi\Connection->execute('INSERT INTO `st...')
#2 C:\xampp\htdocs\student_admission_portal\vendor\codeigniter4\framework\system\Database\BaseConnection.php(652): CodeIgniter\Database\BaseConnection->simpleQuery('INSERT INTO `st...')
#3 C:\xampp\htdocs\student_admission_portal\vendor\codeigniter4\framework\system\Database\BaseBuilder.php(2345): CodeIgniter\Database\BaseConnection->query('INSERT INTO `st...', Array, false)
#4 C:\xampp\htdocs\student_admission_portal\vendor\codeigniter4\framework\system\Model.php(394): CodeIgniter\Database\BaseBuilder->insert()
#5 C:\xampp\htdocs\student_admission_portal\vendor\codeigniter4\framework\system\BaseModel.php(839): CodeIgniter\Model->doInsert(Array)
#6 C:\xampp\htdocs\student_admission_portal\vendor\codeigniter4\framework\system\Model.php(800): CodeIgniter\BaseModel->insert(Array, false)
#7 C:\xampp\htdocs\student_admission_portal\vendor\codeigniter4\framework\system\BaseModel.php(750): CodeIgniter\Model->insert(Array, false)
#8 C:\xampp\htdocs\student_admission_portal\app\Controllers\StudentController.php(37): CodeIgniter\BaseModel->save(Array)
#9 C:\xampp\htdocs\student_admission_portal\vendor\codeigniter4\framework\system\CodeIgniter.php(933): App\Controllers\StudentController->store()
#10 C:\xampp\htdocs\student_admission_portal\vendor\codeigniter4\framework\system\CodeIgniter.php(507): CodeIgniter\CodeIgniter->runController(Object(App\Controllers\StudentController))
#11 C:\xampp\htdocs\student_admission_portal\vendor\codeigniter4\framework\system\CodeIgniter.php(354): CodeIgniter\CodeIgniter->handleRequest(NULL, Object(Config\Cache), false)
#12 C:\xampp\htdocs\student_admission_portal\vendor\codeigniter4\framework\system\Boot.php(334): CodeIgniter\CodeIgniter->run()
#13 C:\xampp\htdocs\student_admission_portal\vendor\codeigniter4\framework\system\Boot.php(67): CodeIgniter\Boot::runCodeIgniter(Object(CodeIgniter\CodeIgniter))
#14 C:\xampp\htdocs\student_admission_portal\public\index.php(56): CodeIgniter\Boot::bootWeb(Object(Config\Paths))
#15 C:\xampp\htdocs\student_admission_portal\vendor\codeigniter4\framework\system\rewrite.php(44): require_once('C:\\xampp\\htdocs...')
#16 {main}
CRITICAL - 2025-02-23 14:03:31 --> CodeIgniter\Database\Exceptions\DatabaseException: Unknown column 'father_name' in 'field list'
[Method: POST, Route: submit-form]
in SYSTEMPATH\Database\BaseConnection.php on line 692.
 1 SYSTEMPATH\Database\BaseBuilder.php(2345): CodeIgniter\Database\BaseConnection->query('INSERT INTO `students` (`name`, `email`, `phone`, `father_name`, `mother_name`, `dob`, `image`, `document`) VALUES (:name:, :email:, :phone:, :father_name:, :mother_name:, :dob:, :image:, :document:)', [...], false)
 2 SYSTEMPATH\Model.php(394): CodeIgniter\Database\BaseBuilder->insert()
 3 SYSTEMPATH\BaseModel.php(839): CodeIgniter\Model->doInsert([...])
 4 SYSTEMPATH\Model.php(800): CodeIgniter\BaseModel->insert([...], false)
 5 SYSTEMPATH\BaseModel.php(750): CodeIgniter\Model->insert([...], false)
 6 APPPATH\Controllers\StudentController.php(37): CodeIgniter\BaseModel->save([...])
 7 SYSTEMPATH\CodeIgniter.php(933): App\Controllers\StudentController->store()
 8 SYSTEMPATH\CodeIgniter.php(507): CodeIgniter\CodeIgniter->runController(Object(App\Controllers\StudentController))
 9 SYSTEMPATH\CodeIgniter.php(354): CodeIgniter\CodeIgniter->handleRequest(null, Object(Config\Cache), false)
10 SYSTEMPATH\Boot.php(334): CodeIgniter\CodeIgniter->run()
11 SYSTEMPATH\Boot.php(67): CodeIgniter\Boot::runCodeIgniter(Object(CodeIgniter\CodeIgniter))
12 FCPATH\index.php(56): CodeIgniter\Boot::bootWeb(Object(Config\Paths))
13 SYSTEMPATH\rewrite.php(44): require_once('C:\\xampp\\htdocs\\student_admission_portal\\public\\index.php')
CRITICAL - 2025-02-23 14:03:31 --> [Caused by] CodeIgniter\Database\Exceptions\DatabaseException: Unknown column 'father_name' in 'field list'
in SYSTEMPATH\Database\MySQLi\Connection.php on line 332.
 1 SYSTEMPATH\Database\BaseConnection.php(738): CodeIgniter\Database\MySQLi\Connection->execute('INSERT INTO `students` (`name`, `email`, `phone`, `father_name`, `mother_name`, `dob`, `image`, `document`) VALUES (\'Premlata Kumari\', \'somee@gmail.com\', \'1111234566\', \'xyz\', \'abc\', \'2025-02-05\', \'1740319411_c4e8c76ddbe9b29b8b87.jpg\', \'1740319411_79853b15953b851bbd1b.pdf\')')
 2 SYSTEMPATH\Database\BaseConnection.php(652): CodeIgniter\Database\BaseConnection->simpleQuery('INSERT INTO `students` (`name`, `email`, `phone`, `father_name`, `mother_name`, `dob`, `image`, `document`) VALUES (\'Premlata Kumari\', \'somee@gmail.com\', \'1111234566\', \'xyz\', \'abc\', \'2025-02-05\', \'1740319411_c4e8c76ddbe9b29b8b87.jpg\', \'1740319411_79853b15953b851bbd1b.pdf\')')
 3 SYSTEMPATH\Database\BaseBuilder.php(2345): CodeIgniter\Database\BaseConnection->query('INSERT INTO `students` (`name`, `email`, `phone`, `father_name`, `mother_name`, `dob`, `image`, `document`) VALUES (:name:, :email:, :phone:, :father_name:, :mother_name:, :dob:, :image:, :document:)', [...], false)
 4 SYSTEMPATH\Model.php(394): CodeIgniter\Database\BaseBuilder->insert()
 5 SYSTEMPATH\BaseModel.php(839): CodeIgniter\Model->doInsert([...])
 6 SYSTEMPATH\Model.php(800): CodeIgniter\BaseModel->insert([...], false)
 7 SYSTEMPATH\BaseModel.php(750): CodeIgniter\Model->insert([...], false)
 8 APPPATH\Controllers\StudentController.php(37): CodeIgniter\BaseModel->save([...])
 9 SYSTEMPATH\CodeIgniter.php(933): App\Controllers\StudentController->store()
10 SYSTEMPATH\CodeIgniter.php(507): CodeIgniter\CodeIgniter->runController(Object(App\Controllers\StudentController))
11 SYSTEMPATH\CodeIgniter.php(354): CodeIgniter\CodeIgniter->handleRequest(null, Object(Config\Cache), false)
12 SYSTEMPATH\Boot.php(334): CodeIgniter\CodeIgniter->run()
13 SYSTEMPATH\Boot.php(67): CodeIgniter\Boot::runCodeIgniter(Object(CodeIgniter\CodeIgniter))
14 FCPATH\index.php(56): CodeIgniter\Boot::bootWeb(Object(Config\Paths))
15 SYSTEMPATH\rewrite.php(44): require_once('C:\\xampp\\htdocs\\student_admission_portal\\public\\index.php')
CRITICAL - 2025-02-23 14:03:31 --> [Caused by] mysqli_sql_exception: Unknown column 'father_name' in 'field list'
in SYSTEMPATH\Database\MySQLi\Connection.php on line 327.
 1 SYSTEMPATH\Database\MySQLi\Connection.php(327): mysqli->query('INSERT INTO `students` (`name`, `email`, `phone`, `father_name`, `mother_name`, `dob`, `image`, `document`) VALUES (\'Premlata Kumari\', \'somee@gmail.com\', \'1111234566\', \'xyz\', \'abc\', \'2025-02-05\', \'1740319411_c4e8c76ddbe9b29b8b87.jpg\', \'1740319411_79853b15953b851bbd1b.pdf\')', 0)
 2 SYSTEMPATH\Database\BaseConnection.php(738): CodeIgniter\Database\MySQLi\Connection->execute('INSERT INTO `students` (`name`, `email`, `phone`, `father_name`, `mother_name`, `dob`, `image`, `document`) VALUES (\'Premlata Kumari\', \'somee@gmail.com\', \'1111234566\', \'xyz\', \'abc\', \'2025-02-05\', \'1740319411_c4e8c76ddbe9b29b8b87.jpg\', \'1740319411_79853b15953b851bbd1b.pdf\')')
 3 SYSTEMPATH\Database\BaseConnection.php(652): CodeIgniter\Database\BaseConnection->simpleQuery('INSERT INTO `students` (`name`, `email`, `phone`, `father_name`, `mother_name`, `dob`, `image`, `document`) VALUES (\'Premlata Kumari\', \'somee@gmail.com\', \'1111234566\', \'xyz\', \'abc\', \'2025-02-05\', \'1740319411_c4e8c76ddbe9b29b8b87.jpg\', \'1740319411_79853b15953b851bbd1b.pdf\')')
 4 SYSTEMPATH\Database\BaseBuilder.php(2345): CodeIgniter\Database\BaseConnection->query('INSERT INTO `students` (`name`, `email`, `phone`, `father_name`, `mother_name`, `dob`, `image`, `document`) VALUES (:name:, :email:, :phone:, :father_name:, :mother_name:, :dob:, :image:, :document:)', [...], false)
 5 SYSTEMPATH\Model.php(394): CodeIgniter\Database\BaseBuilder->insert()
 6 SYSTEMPATH\BaseModel.php(839): CodeIgniter\Model->doInsert([...])
 7 SYSTEMPATH\Model.php(800): CodeIgniter\BaseModel->insert([...], false)
 8 SYSTEMPATH\BaseModel.php(750): CodeIgniter\Model->insert([...], false)
 9 APPPATH\Controllers\StudentController.php(37): CodeIgniter\BaseModel->save([...])
10 SYSTEMPATH\CodeIgniter.php(933): App\Controllers\StudentController->store()
11 SYSTEMPATH\CodeIgniter.php(507): CodeIgniter\CodeIgniter->runController(Object(App\Controllers\StudentController))
12 SYSTEMPATH\CodeIgniter.php(354): CodeIgniter\CodeIgniter->handleRequest(null, Object(Config\Cache), false)
13 SYSTEMPATH\Boot.php(334): CodeIgniter\CodeIgniter->run()
14 SYSTEMPATH\Boot.php(67): CodeIgniter\Boot::runCodeIgniter(Object(CodeIgniter\CodeIgniter))
15 FCPATH\index.php(56): CodeIgniter\Boot::bootWeb(Object(Config\Paths))
16 SYSTEMPATH\rewrite.php(44): require_once('C:\\xampp\\htdocs\\student_admission_portal\\public\\index.php')
ERROR - 2025-02-23 14:09:11 --> mysqli_sql_exception: Unknown column 'father_name' in 'field list' in C:\xampp\htdocs\student_admission_portal\vendor\codeigniter4\framework\system\Database\MySQLi\Connection.php:327
Stack trace:
#0 C:\xampp\htdocs\student_admission_portal\vendor\codeigniter4\framework\system\Database\MySQLi\Connection.php(327): mysqli->query('INSERT INTO `st...', 0)
#1 C:\xampp\htdocs\student_admission_portal\vendor\codeigniter4\framework\system\Database\BaseConnection.php(738): CodeIgniter\Database\MySQLi\Connection->execute('INSERT INTO `st...')
#2 C:\xampp\htdocs\student_admission_portal\vendor\codeigniter4\framework\system\Database\BaseConnection.php(652): CodeIgniter\Database\BaseConnection->simpleQuery('INSERT INTO `st...')
#3 C:\xampp\htdocs\student_admission_portal\vendor\codeigniter4\framework\system\Database\BaseBuilder.php(2345): CodeIgniter\Database\BaseConnection->query('INSERT INTO `st...', Array, false)
#4 C:\xampp\htdocs\student_admission_portal\vendor\codeigniter4\framework\system\Model.php(394): CodeIgniter\Database\BaseBuilder->insert()
#5 C:\xampp\htdocs\student_admission_portal\vendor\codeigniter4\framework\system\BaseModel.php(839): CodeIgniter\Model->doInsert(Array)
#6 C:\xampp\htdocs\student_admission_portal\vendor\codeigniter4\framework\system\Model.php(800): CodeIgniter\BaseModel->insert(Array, false)
#7 C:\xampp\htdocs\student_admission_portal\vendor\codeigniter4\framework\system\BaseModel.php(750): CodeIgniter\Model->insert(Array, false)
#8 C:\xampp\htdocs\student_admission_portal\app\Controllers\StudentController.php(37): CodeIgniter\BaseModel->save(Array)
#9 C:\xampp\htdocs\student_admission_portal\vendor\codeigniter4\framework\system\CodeIgniter.php(933): App\Controllers\StudentController->store()
#10 C:\xampp\htdocs\student_admission_portal\vendor\codeigniter4\framework\system\CodeIgniter.php(507): CodeIgniter\CodeIgniter->runController(Object(App\Controllers\StudentController))
#11 C:\xampp\htdocs\student_admission_portal\vendor\codeigniter4\framework\system\CodeIgniter.php(354): CodeIgniter\CodeIgniter->handleRequest(NULL, Object(Config\Cache), false)
#12 C:\xampp\htdocs\student_admission_portal\vendor\codeigniter4\framework\system\Boot.php(334): CodeIgniter\CodeIgniter->run()
#13 C:\xampp\htdocs\student_admission_portal\vendor\codeigniter4\framework\system\Boot.php(67): CodeIgniter\Boot::runCodeIgniter(Object(CodeIgniter\CodeIgniter))
#14 C:\xampp\htdocs\student_admission_portal\public\index.php(56): CodeIgniter\Boot::bootWeb(Object(Config\Paths))
#15 C:\xampp\htdocs\student_admission_portal\vendor\codeigniter4\framework\system\rewrite.php(44): require_once('C:\\xampp\\htdocs...')
#16 {main}
CRITICAL - 2025-02-23 14:09:11 --> CodeIgniter\Database\Exceptions\DatabaseException: Unknown column 'father_name' in 'field list'
[Method: POST, Route: submit-form]
in SYSTEMPATH\Database\BaseConnection.php on line 692.
 1 SYSTEMPATH\Database\BaseBuilder.php(2345): CodeIgniter\Database\BaseConnection->query('INSERT INTO `students` (`name`, `email`, `phone`, `father_name`, `mother_name`, `dob`, `image`, `document`) VALUES (:name:, :email:, :phone:, :father_name:, :mother_name:, :dob:, :image:, :document:)', [...], false)
 2 SYSTEMPATH\Model.php(394): CodeIgniter\Database\BaseBuilder->insert()
 3 SYSTEMPATH\BaseModel.php(839): CodeIgniter\Model->doInsert([...])
 4 SYSTEMPATH\Model.php(800): CodeIgniter\BaseModel->insert([...], false)
 5 SYSTEMPATH\BaseModel.php(750): CodeIgniter\Model->insert([...], false)
 6 APPPATH\Controllers\StudentController.php(37): CodeIgniter\BaseModel->save([...])
 7 SYSTEMPATH\CodeIgniter.php(933): App\Controllers\StudentController->store()
 8 SYSTEMPATH\CodeIgniter.php(507): CodeIgniter\CodeIgniter->runController(Object(App\Controllers\StudentController))
 9 SYSTEMPATH\CodeIgniter.php(354): CodeIgniter\CodeIgniter->handleRequest(null, Object(Config\Cache), false)
10 SYSTEMPATH\Boot.php(334): CodeIgniter\CodeIgniter->run()
11 SYSTEMPATH\Boot.php(67): CodeIgniter\Boot::runCodeIgniter(Object(CodeIgniter\CodeIgniter))
12 FCPATH\index.php(56): CodeIgniter\Boot::bootWeb(Object(Config\Paths))
13 SYSTEMPATH\rewrite.php(44): require_once('C:\\xampp\\htdocs\\student_admission_portal\\public\\index.php')
CRITICAL - 2025-02-23 14:09:11 --> [Caused by] CodeIgniter\Database\Exceptions\DatabaseException: Unknown column 'father_name' in 'field list'
in SYSTEMPATH\Database\MySQLi\Connection.php on line 332.
 1 SYSTEMPATH\Database\BaseConnection.php(738): CodeIgniter\Database\MySQLi\Connection->execute('INSERT INTO `students` (`name`, `email`, `phone`, `father_name`, `mother_name`, `dob`, `image`, `document`) VALUES (\'Premlata Kumari\', \'dv@gmail.com\', \'1111234566\', \'xyz\', \'abc\', \'2025-02-12\', \'1740319751_e59f81d887975b6936c0.jpg\', \'1740319751_ece981c60db7f6cbd9d5.pdf\')')
 2 SYSTEMPATH\Database\BaseConnection.php(652): CodeIgniter\Database\BaseConnection->simpleQuery('INSERT INTO `students` (`name`, `email`, `phone`, `father_name`, `mother_name`, `dob`, `image`, `document`) VALUES (\'Premlata Kumari\', \'dv@gmail.com\', \'1111234566\', \'xyz\', \'abc\', \'2025-02-12\', \'1740319751_e59f81d887975b6936c0.jpg\', \'1740319751_ece981c60db7f6cbd9d5.pdf\')')
 3 SYSTEMPATH\Database\BaseBuilder.php(2345): CodeIgniter\Database\BaseConnection->query('INSERT INTO `students` (`name`, `email`, `phone`, `father_name`, `mother_name`, `dob`, `image`, `document`) VALUES (:name:, :email:, :phone:, :father_name:, :mother_name:, :dob:, :image:, :document:)', [...], false)
 4 SYSTEMPATH\Model.php(394): CodeIgniter\Database\BaseBuilder->insert()
 5 SYSTEMPATH\BaseModel.php(839): CodeIgniter\Model->doInsert([...])
 6 SYSTEMPATH\Model.php(800): CodeIgniter\BaseModel->insert([...], false)
 7 SYSTEMPATH\BaseModel.php(750): CodeIgniter\Model->insert([...], false)
 8 APPPATH\Controllers\StudentController.php(37): CodeIgniter\BaseModel->save([...])
 9 SYSTEMPATH\CodeIgniter.php(933): App\Controllers\StudentController->store()
10 SYSTEMPATH\CodeIgniter.php(507): CodeIgniter\CodeIgniter->runController(Object(App\Controllers\StudentController))
11 SYSTEMPATH\CodeIgniter.php(354): CodeIgniter\CodeIgniter->handleRequest(null, Object(Config\Cache), false)
12 SYSTEMPATH\Boot.php(334): CodeIgniter\CodeIgniter->run()
13 SYSTEMPATH\Boot.php(67): CodeIgniter\Boot::runCodeIgniter(Object(CodeIgniter\CodeIgniter))
14 FCPATH\index.php(56): CodeIgniter\Boot::bootWeb(Object(Config\Paths))
15 SYSTEMPATH\rewrite.php(44): require_once('C:\\xampp\\htdocs\\student_admission_portal\\public\\index.php')
CRITICAL - 2025-02-23 14:09:11 --> [Caused by] mysqli_sql_exception: Unknown column 'father_name' in 'field list'
in SYSTEMPATH\Database\MySQLi\Connection.php on line 327.
 1 SYSTEMPATH\Database\MySQLi\Connection.php(327): mysqli->query('INSERT INTO `students` (`name`, `email`, `phone`, `father_name`, `mother_name`, `dob`, `image`, `document`) VALUES (\'Premlata Kumari\', \'dv@gmail.com\', \'1111234566\', \'xyz\', \'abc\', \'2025-02-12\', \'1740319751_e59f81d887975b6936c0.jpg\', \'1740319751_ece981c60db7f6cbd9d5.pdf\')', 0)
 2 SYSTEMPATH\Database\BaseConnection.php(738): CodeIgniter\Database\MySQLi\Connection->execute('INSERT INTO `students` (`name`, `email`, `phone`, `father_name`, `mother_name`, `dob`, `image`, `document`) VALUES (\'Premlata Kumari\', \'dv@gmail.com\', \'1111234566\', \'xyz\', \'abc\', \'2025-02-12\', \'1740319751_e59f81d887975b6936c0.jpg\', \'1740319751_ece981c60db7f6cbd9d5.pdf\')')
 3 SYSTEMPATH\Database\BaseConnection.php(652): CodeIgniter\Database\BaseConnection->simpleQuery('INSERT INTO `students` (`name`, `email`, `phone`, `father_name`, `mother_name`, `dob`, `image`, `document`) VALUES (\'Premlata Kumari\', \'dv@gmail.com\', \'1111234566\', \'xyz\', \'abc\', \'2025-02-12\', \'1740319751_e59f81d887975b6936c0.jpg\', \'1740319751_ece981c60db7f6cbd9d5.pdf\')')
 4 SYSTEMPATH\Database\BaseBuilder.php(2345): CodeIgniter\Database\BaseConnection->query('INSERT INTO `students` (`name`, `email`, `phone`, `father_name`, `mother_name`, `dob`, `image`, `document`) VALUES (:name:, :email:, :phone:, :father_name:, :mother_name:, :dob:, :image:, :document:)', [...], false)
 5 SYSTEMPATH\Model.php(394): CodeIgniter\Database\BaseBuilder->insert()
 6 SYSTEMPATH\BaseModel.php(839): CodeIgniter\Model->doInsert([...])
 7 SYSTEMPATH\Model.php(800): CodeIgniter\BaseModel->insert([...], false)
 8 SYSTEMPATH\BaseModel.php(750): CodeIgniter\Model->insert([...], false)
 9 APPPATH\Controllers\StudentController.php(37): CodeIgniter\BaseModel->save([...])
10 SYSTEMPATH\CodeIgniter.php(933): App\Controllers\StudentController->store()
11 SYSTEMPATH\CodeIgniter.php(507): CodeIgniter\CodeIgniter->runController(Object(App\Controllers\StudentController))
12 SYSTEMPATH\CodeIgniter.php(354): CodeIgniter\CodeIgniter->handleRequest(null, Object(Config\Cache), false)
13 SYSTEMPATH\Boot.php(334): CodeIgniter\CodeIgniter->run()
14 SYSTEMPATH\Boot.php(67): CodeIgniter\Boot::runCodeIgniter(Object(CodeIgniter\CodeIgniter))
15 FCPATH\index.php(56): CodeIgniter\Boot::bootWeb(Object(Config\Paths))
16 SYSTEMPATH\rewrite.php(44): require_once('C:\\xampp\\htdocs\\student_admission_portal\\public\\index.php')
